C51 COMPILER V9.01   MAIN                                                                  02/20/2014 19:46:41 PAGE 1   


C51 COMPILER V9.01, COMPILATION OF MODULE MAIN
OBJECT MODULE PLACED IN main.OBJ
COMPILER INVOKED BY: E:\Keil\C51\BIN\C51.EXE main.c BROWSE DEBUG OBJECTEXTEND

line level    source

   1          #include <reg51.h>
   2          
   3          sbit LS138A = P2^2;
   4          sbit LS138B = P2^3;
   5          sbit LS138C = P2^4; 
   6          
   7          unsigned int int0Num, int1Num, ledOut[8];
   8          
   9          unsigned char code DIG_NUM[] = {0x3f,0x06,0x5b,0x4f,0x66,0x6d,0x7d,0x07,0x7f,0x6f,0x40};
  10          
  11          
  12          void systemInit(){
  13   1              IT0 = 1; //采用下降沿中断
  14   1              EX0 = 1; //允许外部中断0
  15   1      
  16   1              IT1 = 1; //采用下降沿中断
  17   1              EX1 = 1; //允许外部中断1
  18   1              EA = 1; //允许CPU中断
  19   1      }
  20          
  21          void delayMs(unsigned char i)
  22          {
  23   1              unsigned char j;
  24   1              for (; i > 0; --i)
  25   1                      for (j = 200; j > 0; --j);
  26   1      }
  27          
  28          void main(){
  29   1              unsigned char i;
  30   1              systemInit();
  31   1              while (1){
  32   2                      ledOut[0] = DIG_NUM[int0Num%10000/1000];
  33   2                      ledOut[1] = DIG_NUM[int0Num%1000/100];
  34   2                      ledOut[2] = DIG_NUM[int0Num%100/10];
  35   2                      ledOut[3] = DIG_NUM[int0Num%10];
  36   2      
  37   2                      ledOut[4] = DIG_NUM[int1Num%10000/1000];
  38   2                      ledOut[5] = DIG_NUM[int1Num%1000/100];
  39   2                      ledOut[6] = DIG_NUM[int1Num%100/10];
  40   2                      ledOut[7] = DIG_NUM[int1Num%10];
  41   2      
  42   2                      for (i = 0; i < 8; ++i){
  43   3                              P0 = ledOut[i];
  44   3                              switch(i)
  45   3                              {
  46   4                                      case 0: LS138A = 0; LS138B = 0; LS138C = 0; break;
  47   4                                      case 1: LS138A = 1; LS138B = 0; LS138C = 0; break;
  48   4                                      case 2: LS138A = 0; LS138B = 1; LS138C = 0; break;
  49   4                                      case 3: LS138A = 1; LS138B = 1; LS138C = 0; break;
  50   4                                      case 4: LS138A = 0; LS138B = 0; LS138C = 1; break;
  51   4                                      case 5: LS138A = 1; LS138B = 0; LS138C = 1; break;
  52   4                                      case 6: LS138A = 0; LS138B = 1; LS138C = 1; break;
  53   4                                      case 7: LS138A = 1; LS138B = 1; LS138C = 1; break;
  54   4                              }
  55   3                              delayMs(5);
C51 COMPILER V9.01   MAIN                                                                  02/20/2014 19:46:41 PAGE 2   

  56   3                      }
  57   2      
  58   2              }
  59   1      }
  60          
  61          void Int0_zd(void)      interrupt 0 using 1
  62          {
  63   1              EX0 = 0;
  64   1              ++int0Num;
  65   1              EX0 = 1;
  66   1      }
  67          
  68          void Int1_zd(void)      interrupt 2 using 2
  69          {
  70   1              EX1 = 0;
  71   1              ++int1Num;
  72   1              EX1 = 1;
  73   1      }


MODULE INFORMATION:   STATIC OVERLAYABLE
   CODE SIZE        =    473    ----
   CONSTANT SIZE    =     11    ----
   XDATA SIZE       =   ----    ----
   PDATA SIZE       =   ----    ----
   DATA SIZE        =     20    ----
   IDATA SIZE       =   ----    ----
   BIT SIZE         =   ----    ----
END OF MODULE INFORMATION.


C51 COMPILATION COMPLETE.  0 WARNING(S),  0 ERROR(S)
