C51 COMPILER V9.01   DIGNUMBER                                                             02/18/2014 10:41:24 PAGE 1   


C51 COMPILER V9.01, COMPILATION OF MODULE DIGNUMBER
OBJECT MODULE PLACED IN digNUmber.OBJ
COMPILER INVOKED BY: E:\Keil\C51\BIN\C51.EXE digNUmber.c BROWSE DEBUG OBJECTEXTEND

line level    source

   1          #include <reg51.h>
   2          
   3          #define LED_PORT P1
   4          
   5          unsigned char code DIG_CODE[10]={0x3f,0x06,0x5b,0x4f,0x66,0x6d,0x7d,0x07,0x7f,0x6f};//ÏÔÊ¾0~9µÄÖµ
   6          
   7          void delayMs(int n)
   8          {
   9   1              unsigned int a, b;
  10   1              for (n = 1; n > 0; --n)
  11   1                      for (a = 110; a > 0; --a)
  12   1                              for (b = 110; b > 0; --b);
  13   1      }
  14          int main()
  15          {
  16   1              unsigned int i;
  17   1              while(1)
  18   1              {
  19   2                      for     (i = 0; i <10; ++i)
  20   2                              {
  21   3                                      LED_PORT = ~DIG_CODE[i];
  22   3                                      delayMs(10000);
  23   3                              }
  24   2              }
  25   1              return 0;
  26   1      }


MODULE INFORMATION:   STATIC OVERLAYABLE
   CODE SIZE        =     80    ----
   CONSTANT SIZE    =     10    ----
   XDATA SIZE       =   ----    ----
   PDATA SIZE       =   ----    ----
   DATA SIZE        =   ----       2
   IDATA SIZE       =   ----    ----
   BIT SIZE         =   ----    ----
END OF MODULE INFORMATION.


C51 COMPILATION COMPLETE.  0 WARNING(S),  0 ERROR(S)
