C51 COMPILER V9.01   MAIN                                                                  02/17/2014 20:31:13 PAGE 1   


C51 COMPILER V9.01, COMPILATION OF MODULE MAIN
OBJECT MODULE PLACED IN main.OBJ
COMPILER INVOKED BY: E:\Keil\C51\BIN\C51.EXE main.c BROWSE DEBUG OBJECTEXTEND

line level    source

   1          #include <reg52.h>
   2          
   3          #define LED_PORT P2
   4          
   5          /*
   6          *  delay some time.
   7          */
   8          void Delay10Ms(unsigned int i)
   9          {
  10   1                       unsigned int a, b;
  11   1                       for (; i > 0; --i)
  12   1                              for(a = 38; a > 0; --a)
  13   1                                      for (b = 130; b > 0; --b);
  14   1      }
  15          
  16          int main()
  17          {
  18   1              unsigned char  led;
  19   1      
  20   1              led = 0xfe;
  21   1      
  22   1              while(1)
  23   1              {
  24   2                      LED_PORT = led;
  25   2                      Delay10Ms(50);
  26   2                      led <<= 1;
  27   2                      if (LED_PORT == 0x00)
  28   2                              led = 0xfe;
  29   2              }
  30   1              return 0;
  31   1      }


MODULE INFORMATION:   STATIC OVERLAYABLE
   CODE SIZE        =     66    ----
   CONSTANT SIZE    =   ----    ----
   XDATA SIZE       =   ----    ----
   PDATA SIZE       =   ----    ----
   DATA SIZE        =   ----    ----
   IDATA SIZE       =   ----    ----
   BIT SIZE         =   ----    ----
END OF MODULE INFORMATION.


C51 COMPILATION COMPLETE.  0 WARNING(S),  0 ERROR(S)
