C51 COMPILER V9.01   MAIN                                                                  02/23/2014 21:02:42 PAGE 1   


C51 COMPILER V9.01, COMPILATION OF MODULE MAIN
OBJECT MODULE PLACED IN main.OBJ
COMPILER INVOKED BY: E:\Keil\C51\BIN\C51.EXE main.c BROWSE DEBUG OBJECTEXTEND

line level    source

   1          #include <reg51.h>
   2          #include <intrins.h>
   3          typedef unsigned int uint16;
   4          typedef unsigned char uint8;
   5          
   6          uint8 code dig[] = {0x3f,0x06,0x5b,0x4f,0x66,0x6d,0x7d,0x07,0x7f,0x6f};
   7          uint8 time_count = 0, count = 0;
   8          
   9          sbit BEEP = P3^7;
  10          
  11          void delayMs(unsigned int nms)
  12          {
  13   1              unsigned int i , j;
  14   1              for (i = nms; i > 0; i--)
  15   1                      for (j = 110; j > 0; j--);
  16   1      }
  17          
  18          void display()
  19          {
  20   1              P0 = dig[count / 10];
  21   1              P2 = 0x7f;
  22   1              delayMs(5);
  23   1      
  24   1              P0 = dig[count % 10];
  25   1              P2 = 0xbf;
  26   1              delayMs(5);
  27   1      
  28   1              P2 = 0xff;
  29   1      }
  30          
  31          void InitTimer0(void)
  32          {
  33   1          TMOD = 0x01;
  34   1          TH0 = 0x3C;
  35   1          TL0 = 0x0B0;
  36   1          EA = 1;
  37   1          ET0 = 1;
  38   1          TR0 = 1;
  39   1      }
  40          
  41          void beep()
  42          {
  43   1                BEEP = 0 ;
  44   1                delayMs(5);
  45   1                BEEP = 1;
  46   1                delayMs(5);
  47   1      }
  48          int main()
  49          {
  50   1              P0 = 0xff;
  51   1              P2 = 0xff;
  52   1              
  53   1              InitTimer0();
  54   1      
  55   1              while(1)
C51 COMPILER V9.01   MAIN                                                                  02/23/2014 21:02:42 PAGE 2   

  56   1              {
  57   2                      display();
  58   2              }
  59   1              return 0;
  60   1      }
  61          
  62          void timer0() interrupt 1 
  63          {
  64   1              TH0 = 0x3C;
  65   1          TL0 = 0x0B0;
  66   1              time_count++;
  67   1              if (time_count == 20)
  68   1              {
  69   2                      time_count = 0;
  70   2                      beep();
  71   2                      count++;
  72   2              }
  73   1              
  74   1              if (count == 60)        count = 0;      
  75   1      }


MODULE INFORMATION:   STATIC OVERLAYABLE
   CODE SIZE        =    174    ----
   CONSTANT SIZE    =     10    ----
   XDATA SIZE       =   ----    ----
   PDATA SIZE       =   ----    ----
   DATA SIZE        =      2    ----
   IDATA SIZE       =   ----    ----
   BIT SIZE         =   ----    ----
END OF MODULE INFORMATION.


C51 COMPILATION COMPLETE.  0 WARNING(S),  0 ERROR(S)
