C51 COMPILER V9.01   MAIN                                                                  02/23/2014 10:20:31 PAGE 1   


C51 COMPILER V9.01, COMPILATION OF MODULE MAIN
OBJECT MODULE PLACED IN main.OBJ
COMPILER INVOKED BY: E:\Keil\C51\BIN\C51.EXE main.c BROWSE DEBUG OBJECTEXTEND

line level    source

   1          #include <reg51.h>
   2          
   3          typedef unsigned char uint8;
   4          typedef unsigned int uint16;
   5          
   6          #define LED_PORT P0
   7          
   8          sbit LSPA = P2^0;
   9          sbit LSPB = P2^1;
  10          sbit LSPC = P2^2;
  11          uint8 code dig_number[] = {0x0f, 0x09, 0x09, 0x09, 0x09, 0x09, 0x09, 0x39};
  12          
  13          void delay(uint8 n)
  14          {
  15   1              while(n--);
  16   1      }
  17          
  18          void main()
  19          {
  20   1              uint8 i;
  21   1                       while(1)
  22   1                       {
  23   2                                for (i = 0; i < 8; ++i)
  24   2                                {
  25   3                                              switch(i)
  26   3                                              {
  27   4                                                      case 0:  LSPA = 0;LSPB = 0; LSPC = 0; break;
  28   4                                                      case 1:  LSPA = 1;LSPB = 0; LSPC = 0; break;
  29   4                                                      case 2:  LSPA = 0;LSPB = 1; LSPC = 0; break;
  30   4                                                      case 3:  LSPA = 1;LSPB = 1; LSPC = 0; break;
  31   4                                                      case 4:  LSPA = 0;LSPB = 0; LSPC = 1; break;
  32   4                                                      case 5:  LSPA = 1;LSPB = 0; LSPC = 1; break;
  33   4                                                      case 6:  LSPA = 0;LSPB = 1; LSPC = 1; break;
  34   4                                                      case 7:  LSPA = 1;LSPB = 1; LSPC = 1; break;
  35   4                                              } 
  36   3                                              P0 = dig_number[i];
  37   3                                              delay(1000);
  38   3                                }
  39   2                       }
  40   1      }
  41          
  42          


MODULE INFORMATION:   STATIC OVERLAYABLE
   CODE SIZE        =    112    ----
   CONSTANT SIZE    =      8    ----
   XDATA SIZE       =   ----    ----
   PDATA SIZE       =   ----    ----
   DATA SIZE        =   ----    ----
   IDATA SIZE       =   ----    ----
   BIT SIZE         =   ----    ----
END OF MODULE INFORMATION.


C51 COMPILATION COMPLETE.  0 WARNING(S),  0 ERROR(S)
