C51 COMPILER V9.01   MAIN                                                                  02/27/2014 21:42:37 PAGE 1   


C51 COMPILER V9.01, COMPILATION OF MODULE MAIN
OBJECT MODULE PLACED IN main.OBJ
COMPILER INVOKED BY: E:\Keil\C51\BIN\C51.EXE main.c BROWSE DEBUG OBJECTEXTEND

line level    source

   1          #include <reg51.h>
   2          #define LED_PORT P0
   3          
   4          typedef unsigned int uint16;
   5          typedef unsigned char uint8;
   6          
   7          uint8 hour = 23; uint8 min = 59; uint8 sec = 45;
   8          uint8 count_10ms = 0;
   9          
  10          sbit K1 = P2^0;
  11          sbit K2 = P2^1;
  12          sbit K3 = P2^2;
  13          sbit K4 = P2^3;
  14          
  15          sbit LSPA = P2^5;
  16          sbit LSPB = P2^6;
  17          sbit LSPC = P2^7;
  18          
  19          sbit BEEP = P3^7;
  20          bit K1_FLAG = 0;
  21          
  22          uint8 code seg_data[] = {0x3f,0x06,0x5b,0x4f,0x66,0x6d,0x7d,0x07,
  23                                                           0x7f,0x6f,0x77,0x7c,0x39,0x5e,0x79,0x71, 0x40};
  24          uint16  disp_buf[8] = {0};
  25          void delayMs(unsigned int nms)
  26          {
  27   1              unsigned int i , j;
  28   1              for (i = nms; i > 0; i--)
  29   1                      for (j = 110; j > 0; j--);
  30   1      }
  31          
  32          void beep()
  33          {
  34   1              BEEP = 0;
  35   1              delayMs(1);
  36   1              BEEP = 1;
  37   1              delayMs(1);
  38   1      }
  39          
  40          
  41          void conv(uint8 in1, uint8 in2, uint8 in3)
  42          {
  43   1               disp_buf[0] = in1 / 10;
  44   1               disp_buf[1] = in1 % 10;
  45   1      
  46   1               disp_buf[3] = in2 / 10;
  47   1               disp_buf[4] = in2 % 10;
  48   1      
  49   1               disp_buf[6] = in3 /10;
  50   1               disp_buf[7] = in3 % 10;
  51   1      
  52   1               disp_buf[2] = 16;
  53   1               disp_buf[5] = 16;
  54   1      }
  55          
C51 COMPILER V9.01   MAIN                                                                  02/27/2014 21:42:37 PAGE 2   

  56          void display()
  57          {
  58   1              uint8 i;
  59   1              for (i = 0; i < 8; ++i)
  60   1              {
  61   2                      switch(i)
  62   2                      {
  63   3                              case 0: LSPA = 0; LSPB = 0; LSPC = 0; break;
  64   3                              case 1: LSPA = 1; LSPB = 0; LSPC = 0; break;
  65   3                              case 2: LSPA = 0; LSPB = 1; LSPC = 0; break;
  66   3                              case 3: LSPA = 1; LSPB = 1; LSPC = 0; break;
  67   3                              case 4: LSPA = 0; LSPB = 0; LSPC = 1; break;
  68   3                              case 5: LSPA = 1; LSPB = 0; LSPC = 1; break;
  69   3                              case 6: LSPA = 0; LSPB = 1; LSPC = 1; break;
  70   3                              case 7: LSPA = 1; LSPB = 1; LSPC = 1; break;
  71   3                      }
  72   2                      LED_PORT = seg_data[disp_buf[i]];
  73   2                      delayMs(1);
  74   2                      LED_PORT = 0x00;
  75   2              }
  76   1      }
  77          
  78          void key_process()
  79          {
  80   1              TR1 = 0; //¹Ø±Õ¶¨Ê±Æ÷;
  81   1              if (K2 == 0)
  82   1              {
  83   2                      delayMs(10);
  84   2                      if (K2 == 0)
  85   2                      {
  86   3                              while(!K2) { beep();}
  87   3                              hour++;
  88   3                              if (hour == 24)  hour = 0;
  89   3                      }
  90   2              }
  91   1      
  92   1              if (K3 == 0)
  93   1              {
  94   2                      delayMs(10);
  95   2                      if (K3 == 0)
  96   2                      {
  97   3                               while(!K3) { beep();}
  98   3                               min++;
  99   3                               if (min == 60) min = 0;
 100   3                      }
 101   2              }
 102   1      
 103   1              if (K4 == 0)
 104   1              {                         
 105   2                      delayMs(10);
 106   2                      if (K4 == 0)
 107   2                      {
 108   3                              while(!K4) {beep();}
 109   3                              TR1 = 1;
 110   3                              K1_FLAG = 0;
 111   3                      }
 112   2                      
 113   2              }
 114   1      }
 115          
 116          void timer1_init()
 117          {
C51 COMPILER V9.01   MAIN                                                                  02/27/2014 21:42:37 PAGE 3   

 118   1              TMOD = 0x10;
 119   1          TH1 = 0x0D8;
 120   1          TL1 = 0x0F0;
 121   1          EA = 1;
 122   1          ET1 = 1;
 123   1          TR1 = 1;
 124   1      }
 125          int main()
 126          {
 127   1              P0 = 0x00;
 128   1              P2 = 0xff;
 129   1              timer1_init();
 130   1              while(1)
 131   1              {
 132   2                      display();
 133   2                      if (K1 == 0)
 134   2                      {
 135   3                               delayMs(10);
 136   3                               if (K1 == 0)
 137   3                               {
 138   4                                      while(!K1){beep(); }
 139   4                                      K1_FLAG = 1;
 140   4                               }
 141   3                      }
 142   2                      if (K1_FLAG == 1) key_process();
 143   2                      conv(hour,min, sec);
 144   2              }
 145   1              return 0;
 146   1      }
 147          
 148          void timer1() interrupt 3
 149          {
 150   1              TH1 = 0x0D8; TL1 = 0x0F0;
 151   1              count_10ms++;
 152   1              if (count_10ms >= 100)
 153   1              {
 154   2                      count_10ms = 0; sec++;
 155   2                      if (sec == 60)
 156   2                      {
 157   3                              min++; sec= 0;
 158   3                              if (min == 60)
 159   3                              {
 160   4                                      hour++; min = 0;
 161   4                                      if (hour == 24)
 162   4                                      {
 163   5                                              hour = 0; min = 0; sec = 0;
 164   5                                      }
 165   4                              }
 166   3                      }
 167   2              }
 168   1      }


MODULE INFORMATION:   STATIC OVERLAYABLE
   CODE SIZE        =    452    ----
   CONSTANT SIZE    =     17    ----
   XDATA SIZE       =   ----    ----
   PDATA SIZE       =   ----    ----
   DATA SIZE        =     20    ----
   IDATA SIZE       =   ----    ----
   BIT SIZE         =      1    ----
END OF MODULE INFORMATION.

C51 COMPILER V9.01   MAIN                                                                  02/27/2014 21:42:37 PAGE 4   


C51 COMPILATION COMPLETE.  0 WARNING(S),  0 ERROR(S)
