C51 COMPILER V9.01   MAIN                                                                  02/23/2014 15:16:25 PAGE 1   


C51 COMPILER V9.01, COMPILATION OF MODULE MAIN
OBJECT MODULE PLACED IN main.OBJ
COMPILER INVOKED BY: E:\Keil\C51\BIN\C51.EXE main.c BROWSE DEBUG OBJECTEXTEND

line level    source

   1          #include <reg51.h>
   2          
   3          
   4          #define LED_PORT P0
   5          
   6          typedef unsigned char uint8;
   7          typedef unsigned char uint16;
   8          
   9          uint8 code dig_number[] = {0x3f, 0x06, 0x5b, 0x4f, 0x66, 0x6d, 0x7d, 0x07, 0x7f, 0x6f};
  10          uint8 num = 5;
  11          
  12          void interrupt_init()
  13          {
  14   1              EX0 = 1;
  15   1              EA = 1;
  16   1              IT0 = 0; //
  17   1      }
  18          
  19          void delay(uint16 n)
  20          {
  21   1                 while(n--);
  22   1      }
  23          
  24          int main()
  25          {
  26   1              LED_PORT = ~0x6d;
  27   1              interrupt_init();
  28   1              while(1);
  29   1              return 0;
  30   1      }
  31          
  32          void interrupt_0() interrupt 0
  33          {
  34   1              delay(10000);
  35   1              if (INT0 == 0)
  36   1              {
  37   2                      ++num;
  38   2                      if (num >= 10) num = 0;
  39   2                      LED_PORT = ~dig_number[num];
  40   2                      while(!INT0);
  41   2              }
  42   1      }


MODULE INFORMATION:   STATIC OVERLAYABLE
   CODE SIZE        =     82    ----
   CONSTANT SIZE    =     10    ----
   XDATA SIZE       =   ----    ----
   PDATA SIZE       =   ----    ----
   DATA SIZE        =      1    ----
   IDATA SIZE       =   ----    ----
   BIT SIZE         =   ----    ----
END OF MODULE INFORMATION.


C51 COMPILATION COMPLETE.  0 WARNING(S),  0 ERROR(S)
